BUILDING VOCABULARY
Processed 54536168 tokens.
Counted 129 unique words.
Using vocabulary of size 129.

COUNTING COOCCURRENCES
window size: 15
context: symmetric
max product: 13752509
overflow length: 38028356
Reading vocab from file "data/embeddings/vocab.txt"...loaded 129 words.
Building lookup table...table contains 16642 elements.
Processed 54536168 tokens.
Writing cooccurrences to disk....2 files in total.
Merging cooccurrence files: processed 14761 lines.

SHUFFLING COOCCURRENCES
array size: 255013683
Shuffling by chunks: processed 14761 lines.
Wrote 1 temporary file(s).
Merging temp files: processed 14761 lines.

TRAINING MODEL
Read 14761 lines.
Initializing parameters...done.
vector size: 10
vocab size: 129
x_max: 10.000000
alpha: 0.750000
04/26/17 - 09:39.32AM, iter: 001, cost: 2.596120
04/26/17 - 09:39.32AM, iter: 002, cost: 0.503167
04/26/17 - 09:39.32AM, iter: 003, cost: 0.349237
04/26/17 - 09:39.32AM, iter: 004, cost: 0.296866
04/26/17 - 09:39.32AM, iter: 005, cost: 0.240812
04/26/17 - 09:39.32AM, iter: 006, cost: 0.214379
04/26/17 - 09:39.32AM, iter: 007, cost: 0.199641
04/26/17 - 09:39.32AM, iter: 008, cost: 0.192298
04/26/17 - 09:39.32AM, iter: 009, cost: 0.186460
04/26/17 - 09:39.32AM, iter: 010, cost: 0.182208
04/26/17 - 09:39.32AM, iter: 011, cost: 0.176767
04/26/17 - 09:39.32AM, iter: 012, cost: 0.173255
04/26/17 - 09:39.32AM, iter: 013, cost: 0.172203
04/26/17 - 09:39.32AM, iter: 014, cost: 0.170085
04/26/17 - 09:39.32AM, iter: 015, cost: 0.168653
04/26/17 - 09:39.32AM, iter: 016, cost: 0.166550
04/26/17 - 09:39.32AM, iter: 017, cost: 0.165848
04/26/17 - 09:39.32AM, iter: 018, cost: 0.162836
04/26/17 - 09:39.32AM, iter: 019, cost: 0.161249
04/26/17 - 09:39.32AM, iter: 020, cost: 0.161514
04/26/17 - 09:39.32AM, iter: 021, cost: 0.160913
04/26/17 - 09:39.32AM, iter: 022, cost: 0.158860
04/26/17 - 09:39.32AM, iter: 023, cost: 0.158636
04/26/17 - 09:39.32AM, iter: 024, cost: 0.159171
04/26/17 - 09:39.32AM, iter: 025, cost: 0.157708
04/26/17 - 09:39.32AM, iter: 026, cost: 0.156481
04/26/17 - 09:39.32AM, iter: 027, cost: 0.156515
04/26/17 - 09:39.32AM, iter: 028, cost: 0.155214
04/26/17 - 09:39.32AM, iter: 029, cost: 0.154110
04/26/17 - 09:39.32AM, iter: 030, cost: 0.154623
04/26/17 - 09:39.32AM, iter: 031, cost: 0.153472
04/26/17 - 09:39.32AM, iter: 032, cost: 0.153708
04/26/17 - 09:39.32AM, iter: 033, cost: 0.152550
04/26/17 - 09:39.32AM, iter: 034, cost: 0.152479
04/26/17 - 09:39.32AM, iter: 035, cost: 0.151407
04/26/17 - 09:39.32AM, iter: 036, cost: 0.152369
04/26/17 - 09:39.32AM, iter: 037, cost: 0.150980
04/26/17 - 09:39.32AM, iter: 038, cost: 0.150557
04/26/17 - 09:39.32AM, iter: 039, cost: 0.150922
04/26/17 - 09:39.32AM, iter: 040, cost: 0.150439
04/26/17 - 09:39.32AM, iter: 041, cost: 0.149354
04/26/17 - 09:39.32AM, iter: 042, cost: 0.150006
04/26/17 - 09:39.32AM, iter: 043, cost: 0.149229
04/26/17 - 09:39.32AM, iter: 044, cost: 0.148170
04/26/17 - 09:39.32AM, iter: 045, cost: 0.148446
04/26/17 - 09:39.32AM, iter: 046, cost: 0.148277
04/26/17 - 09:39.32AM, iter: 047, cost: 0.148200
04/26/17 - 09:39.32AM, iter: 048, cost: 0.146592
04/26/17 - 09:39.32AM, iter: 049, cost: 0.145937
04/26/17 - 09:39.32AM, iter: 050, cost: 0.146092
04/26/17 - 09:39.32AM, iter: 051, cost: 0.146010
04/26/17 - 09:39.32AM, iter: 052, cost: 0.146626
04/26/17 - 09:39.32AM, iter: 053, cost: 0.146994
04/26/17 - 09:39.32AM, iter: 054, cost: 0.146444
04/26/17 - 09:39.32AM, iter: 055, cost: 0.146661
04/26/17 - 09:39.32AM, iter: 056, cost: 0.146111
04/26/17 - 09:39.32AM, iter: 057, cost: 0.145440
04/26/17 - 09:39.32AM, iter: 058, cost: 0.145683
04/26/17 - 09:39.32AM, iter: 059, cost: 0.145728
04/26/17 - 09:39.32AM, iter: 060, cost: 0.145717
04/26/17 - 09:39.32AM, iter: 061, cost: 0.145549
04/26/17 - 09:39.32AM, iter: 062, cost: 0.145376
04/26/17 - 09:39.32AM, iter: 063, cost: 0.144422
04/26/17 - 09:39.32AM, iter: 064, cost: 0.144440
04/26/17 - 09:39.32AM, iter: 065, cost: 0.144483
04/26/17 - 09:39.32AM, iter: 066, cost: 0.144532
04/26/17 - 09:39.32AM, iter: 067, cost: 0.144385
04/26/17 - 09:39.32AM, iter: 068, cost: 0.144154
04/26/17 - 09:39.32AM, iter: 069, cost: 0.144185
04/26/17 - 09:39.32AM, iter: 070, cost: 0.143537
04/26/17 - 09:39.32AM, iter: 071, cost: 0.143687
04/26/17 - 09:39.32AM, iter: 072, cost: 0.143470
04/26/17 - 09:39.32AM, iter: 073, cost: 0.143394
04/26/17 - 09:39.32AM, iter: 074, cost: 0.141285
04/26/17 - 09:39.32AM, iter: 075, cost: 0.141365
04/26/17 - 09:39.32AM, iter: 076, cost: 0.142173
04/26/17 - 09:39.32AM, iter: 077, cost: 0.142513
04/26/17 - 09:39.32AM, iter: 078, cost: 0.141809
04/26/17 - 09:39.32AM, iter: 079, cost: 0.142358
04/26/17 - 09:39.32AM, iter: 080, cost: 0.140973
04/26/17 - 09:39.32AM, iter: 081, cost: 0.141121
04/26/17 - 09:39.32AM, iter: 082, cost: 0.141307
04/26/17 - 09:39.32AM, iter: 083, cost: 0.141010
04/26/17 - 09:39.32AM, iter: 084, cost: 0.141236
04/26/17 - 09:39.32AM, iter: 085, cost: 0.141260
04/26/17 - 09:39.32AM, iter: 086, cost: 0.141564
04/26/17 - 09:39.32AM, iter: 087, cost: 0.140900
04/26/17 - 09:39.32AM, iter: 088, cost: 0.140205
04/26/17 - 09:39.32AM, iter: 089, cost: 0.140159
04/26/17 - 09:39.32AM, iter: 090, cost: 0.139923
04/26/17 - 09:39.32AM, iter: 091, cost: 0.139945
04/26/17 - 09:39.32AM, iter: 092, cost: 0.140042
04/26/17 - 09:39.32AM, iter: 093, cost: 0.140329
04/26/17 - 09:39.32AM, iter: 094, cost: 0.140398
04/26/17 - 09:39.32AM, iter: 095, cost: 0.140264
04/26/17 - 09:39.32AM, iter: 096, cost: 0.139795
04/26/17 - 09:39.32AM, iter: 097, cost: 0.138949
04/26/17 - 09:39.32AM, iter: 098, cost: 0.139681
04/26/17 - 09:39.32AM, iter: 099, cost: 0.139706
04/26/17 - 09:39.32AM, iter: 100, cost: 0.139851
04/26/17 - 09:39.32AM, iter: 101, cost: 0.138416
04/26/17 - 09:39.32AM, iter: 102, cost: 0.138262
04/26/17 - 09:39.32AM, iter: 103, cost: 0.138947
04/26/17 - 09:39.32AM, iter: 104, cost: 0.139291
04/26/17 - 09:39.32AM, iter: 105, cost: 0.138902
04/26/17 - 09:39.32AM, iter: 106, cost: 0.138639
04/26/17 - 09:39.32AM, iter: 107, cost: 0.138847
04/26/17 - 09:39.32AM, iter: 108, cost: 0.139202
04/26/17 - 09:39.32AM, iter: 109, cost: 0.139133
04/26/17 - 09:39.32AM, iter: 110, cost: 0.139096
04/26/17 - 09:39.32AM, iter: 111, cost: 0.138945
04/26/17 - 09:39.32AM, iter: 112, cost: 0.139089
04/26/17 - 09:39.32AM, iter: 113, cost: 0.138936
04/26/17 - 09:39.32AM, iter: 114, cost: 0.138589
04/26/17 - 09:39.32AM, iter: 115, cost: 0.138504
04/26/17 - 09:39.32AM, iter: 116, cost: 0.138484
04/26/17 - 09:39.32AM, iter: 117, cost: 0.138476
04/26/17 - 09:39.32AM, iter: 118, cost: 0.138209
04/26/17 - 09:39.32AM, iter: 119, cost: 0.138251
04/26/17 - 09:39.32AM, iter: 120, cost: 0.138294
04/26/17 - 09:39.32AM, iter: 121, cost: 0.138260
04/26/17 - 09:39.32AM, iter: 122, cost: 0.138075
04/26/17 - 09:39.32AM, iter: 123, cost: 0.137788
04/26/17 - 09:39.32AM, iter: 124, cost: 0.137478
04/26/17 - 09:39.32AM, iter: 125, cost: 0.137349
04/26/17 - 09:39.32AM, iter: 126, cost: 0.136774
04/26/17 - 09:39.32AM, iter: 127, cost: 0.136546
04/26/17 - 09:39.32AM, iter: 128, cost: 0.136690
04/26/17 - 09:39.32AM, iter: 129, cost: 0.136629
04/26/17 - 09:39.32AM, iter: 130, cost: 0.136612
04/26/17 - 09:39.32AM, iter: 131, cost: 0.136838
04/26/17 - 09:39.32AM, iter: 132, cost: 0.136125
04/26/17 - 09:39.32AM, iter: 133, cost: 0.136423
04/26/17 - 09:39.32AM, iter: 134, cost: 0.136241
04/26/17 - 09:39.32AM, iter: 135, cost: 0.136553
04/26/17 - 09:39.32AM, iter: 136, cost: 0.136071
04/26/17 - 09:39.32AM, iter: 137, cost: 0.136177
04/26/17 - 09:39.32AM, iter: 138, cost: 0.136526
04/26/17 - 09:39.32AM, iter: 139, cost: 0.136530
04/26/17 - 09:39.32AM, iter: 140, cost: 0.136047
04/26/17 - 09:39.32AM, iter: 141, cost: 0.135688
04/26/17 - 09:39.32AM, iter: 142, cost: 0.136091
04/26/17 - 09:39.32AM, iter: 143, cost: 0.136142
04/26/17 - 09:39.32AM, iter: 144, cost: 0.136068
04/26/17 - 09:39.32AM, iter: 145, cost: 0.136078
04/26/17 - 09:39.32AM, iter: 146, cost: 0.135488
04/26/17 - 09:39.32AM, iter: 147, cost: 0.135812
04/26/17 - 09:39.32AM, iter: 148, cost: 0.135535
04/26/17 - 09:39.32AM, iter: 149, cost: 0.135638
04/26/17 - 09:39.32AM, iter: 150, cost: 0.135191
04/26/17 - 09:39.32AM, iter: 151, cost: 0.135565
04/26/17 - 09:39.32AM, iter: 152, cost: 0.135684
04/26/17 - 09:39.32AM, iter: 153, cost: 0.135347
04/26/17 - 09:39.32AM, iter: 154, cost: 0.135003
04/26/17 - 09:39.32AM, iter: 155, cost: 0.135068
04/26/17 - 09:39.32AM, iter: 156, cost: 0.135032
04/26/17 - 09:39.32AM, iter: 157, cost: 0.134788
04/26/17 - 09:39.32AM, iter: 158, cost: 0.134640
04/26/17 - 09:39.32AM, iter: 159, cost: 0.134613
04/26/17 - 09:39.32AM, iter: 160, cost: 0.134702
04/26/17 - 09:39.32AM, iter: 161, cost: 0.134706
04/26/17 - 09:39.32AM, iter: 162, cost: 0.134341
04/26/17 - 09:39.32AM, iter: 163, cost: 0.134186
04/26/17 - 09:39.32AM, iter: 164, cost: 0.134652
04/26/17 - 09:39.32AM, iter: 165, cost: 0.134170
04/26/17 - 09:39.32AM, iter: 166, cost: 0.134556
04/26/17 - 09:39.32AM, iter: 167, cost: 0.134717
04/26/17 - 09:39.32AM, iter: 168, cost: 0.134277
04/26/17 - 09:39.32AM, iter: 169, cost: 0.134327
04/26/17 - 09:39.32AM, iter: 170, cost: 0.134184
04/26/17 - 09:39.32AM, iter: 171, cost: 0.134047
04/26/17 - 09:39.32AM, iter: 172, cost: 0.134276
04/26/17 - 09:39.32AM, iter: 173, cost: 0.133920
04/26/17 - 09:39.32AM, iter: 174, cost: 0.134003
04/26/17 - 09:39.32AM, iter: 175, cost: 0.134064
04/26/17 - 09:39.32AM, iter: 176, cost: 0.134064
04/26/17 - 09:39.32AM, iter: 177, cost: 0.133399
04/26/17 - 09:39.32AM, iter: 178, cost: 0.133380
04/26/17 - 09:39.32AM, iter: 179, cost: 0.133532
04/26/17 - 09:39.32AM, iter: 180, cost: 0.133105
04/26/17 - 09:39.32AM, iter: 181, cost: 0.133317
04/26/17 - 09:39.32AM, iter: 182, cost: 0.133496
04/26/17 - 09:39.32AM, iter: 183, cost: 0.133585
04/26/17 - 09:39.32AM, iter: 184, cost: 0.133132
04/26/17 - 09:39.32AM, iter: 185, cost: 0.133404
04/26/17 - 09:39.32AM, iter: 186, cost: 0.133566
04/26/17 - 09:39.32AM, iter: 187, cost: 0.133267
04/26/17 - 09:39.32AM, iter: 188, cost: 0.132445
04/26/17 - 09:39.32AM, iter: 189, cost: 0.132997
04/26/17 - 09:39.32AM, iter: 190, cost: 0.132615
04/26/17 - 09:39.32AM, iter: 191, cost: 0.132604
04/26/17 - 09:39.32AM, iter: 192, cost: 0.132785
04/26/17 - 09:39.32AM, iter: 193, cost: 0.132687
04/26/17 - 09:39.32AM, iter: 194, cost: 0.132689
04/26/17 - 09:39.32AM, iter: 195, cost: 0.132563
04/26/17 - 09:39.32AM, iter: 196, cost: 0.132887
04/26/17 - 09:39.32AM, iter: 197, cost: 0.132671
04/26/17 - 09:39.32AM, iter: 198, cost: 0.132665
04/26/17 - 09:39.32AM, iter: 199, cost: 0.132619
04/26/17 - 09:39.32AM, iter: 200, cost: 0.132683
TRAINING MODEL
Read 14761 lines.
Initializing parameters...done.
vector size: 25
vocab size: 129
x_max: 10.000000
alpha: 0.750000
04/26/17 - 09:39.32AM, iter: 001, cost: 2.658706
04/26/17 - 09:39.32AM, iter: 002, cost: 0.564713
04/26/17 - 09:39.32AM, iter: 003, cost: 0.368549
04/26/17 - 09:39.32AM, iter: 004, cost: 0.301645
04/26/17 - 09:39.32AM, iter: 005, cost: 0.237689
04/26/17 - 09:39.32AM, iter: 006, cost: 0.196070
04/26/17 - 09:39.32AM, iter: 007, cost: 0.167939
04/26/17 - 09:39.32AM, iter: 008, cost: 0.148475
04/26/17 - 09:39.32AM, iter: 009, cost: 0.134737
04/26/17 - 09:39.32AM, iter: 010, cost: 0.121758
04/26/17 - 09:39.32AM, iter: 011, cost: 0.110424
04/26/17 - 09:39.32AM, iter: 012, cost: 0.101945
04/26/17 - 09:39.32AM, iter: 013, cost: 0.095986
04/26/17 - 09:39.32AM, iter: 014, cost: 0.089692
04/26/17 - 09:39.32AM, iter: 015, cost: 0.087081
04/26/17 - 09:39.32AM, iter: 016, cost: 0.084492
04/26/17 - 09:39.32AM, iter: 017, cost: 0.081159
04/26/17 - 09:39.32AM, iter: 018, cost: 0.080502
04/26/17 - 09:39.32AM, iter: 019, cost: 0.078903
04/26/17 - 09:39.32AM, iter: 020, cost: 0.078508
04/26/17 - 09:39.32AM, iter: 021, cost: 0.077660
04/26/17 - 09:39.32AM, iter: 022, cost: 0.076240
04/26/17 - 09:39.32AM, iter: 023, cost: 0.076032
04/26/17 - 09:39.32AM, iter: 024, cost: 0.074716
04/26/17 - 09:39.32AM, iter: 025, cost: 0.074061
04/26/17 - 09:39.32AM, iter: 026, cost: 0.073087
04/26/17 - 09:39.32AM, iter: 027, cost: 0.073657
04/26/17 - 09:39.32AM, iter: 028, cost: 0.073469
04/26/17 - 09:39.32AM, iter: 029, cost: 0.072830
04/26/17 - 09:39.32AM, iter: 030, cost: 0.072041
04/26/17 - 09:39.32AM, iter: 031, cost: 0.071616
04/26/17 - 09:39.32AM, iter: 032, cost: 0.070840
04/26/17 - 09:39.32AM, iter: 033, cost: 0.071107
04/26/17 - 09:39.32AM, iter: 034, cost: 0.070916
04/26/17 - 09:39.32AM, iter: 035, cost: 0.070853
04/26/17 - 09:39.32AM, iter: 036, cost: 0.070144
04/26/17 - 09:39.32AM, iter: 037, cost: 0.069634
04/26/17 - 09:39.32AM, iter: 038, cost: 0.069724
04/26/17 - 09:39.32AM, iter: 039, cost: 0.070007
04/26/17 - 09:39.32AM, iter: 040, cost: 0.069438
04/26/17 - 09:39.32AM, iter: 041, cost: 0.069000
04/26/17 - 09:39.32AM, iter: 042, cost: 0.068831
04/26/17 - 09:39.32AM, iter: 043, cost: 0.068882
04/26/17 - 09:39.32AM, iter: 044, cost: 0.067579
04/26/17 - 09:39.32AM, iter: 045, cost: 0.067929
04/26/17 - 09:39.32AM, iter: 046, cost: 0.067119
04/26/17 - 09:39.32AM, iter: 047, cost: 0.066384
04/26/17 - 09:39.32AM, iter: 048, cost: 0.066559
04/26/17 - 09:39.32AM, iter: 049, cost: 0.066469
04/26/17 - 09:39.32AM, iter: 050, cost: 0.066038
04/26/17 - 09:39.32AM, iter: 051, cost: 0.066453
04/26/17 - 09:39.32AM, iter: 052, cost: 0.065987
04/26/17 - 09:39.32AM, iter: 053, cost: 0.066599
04/26/17 - 09:39.32AM, iter: 054, cost: 0.065597
04/26/17 - 09:39.32AM, iter: 055, cost: 0.065822
04/26/17 - 09:39.32AM, iter: 056, cost: 0.066238
04/26/17 - 09:39.32AM, iter: 057, cost: 0.065094
04/26/17 - 09:39.32AM, iter: 058, cost: 0.065345
04/26/17 - 09:39.32AM, iter: 059, cost: 0.065409
04/26/17 - 09:39.32AM, iter: 060, cost: 0.064924
04/26/17 - 09:39.32AM, iter: 061, cost: 0.064966
04/26/17 - 09:39.32AM, iter: 062, cost: 0.065044
04/26/17 - 09:39.32AM, iter: 063, cost: 0.065025
04/26/17 - 09:39.32AM, iter: 064, cost: 0.065089
04/26/17 - 09:39.32AM, iter: 065, cost: 0.065096
04/26/17 - 09:39.32AM, iter: 066, cost: 0.065104
04/26/17 - 09:39.32AM, iter: 067, cost: 0.063457
04/26/17 - 09:39.32AM, iter: 068, cost: 0.063854
04/26/17 - 09:39.32AM, iter: 069, cost: 0.063656
04/26/17 - 09:39.32AM, iter: 070, cost: 0.064243
04/26/17 - 09:39.32AM, iter: 071, cost: 0.064301
04/26/17 - 09:39.32AM, iter: 072, cost: 0.064336
04/26/17 - 09:39.32AM, iter: 073, cost: 0.063904
04/26/17 - 09:39.32AM, iter: 074, cost: 0.063904
04/26/17 - 09:39.32AM, iter: 075, cost: 0.063913
04/26/17 - 09:39.32AM, iter: 076, cost: 0.063706
04/26/17 - 09:39.32AM, iter: 077, cost: 0.063143
04/26/17 - 09:39.32AM, iter: 078, cost: 0.062162
04/26/17 - 09:39.32AM, iter: 079, cost: 0.062934
04/26/17 - 09:39.32AM, iter: 080, cost: 0.063248
04/26/17 - 09:39.32AM, iter: 081, cost: 0.062684
04/26/17 - 09:39.32AM, iter: 082, cost: 0.062785
04/26/17 - 09:39.32AM, iter: 083, cost: 0.062673
04/26/17 - 09:39.32AM, iter: 084, cost: 0.062928
04/26/17 - 09:39.32AM, iter: 085, cost: 0.062367
04/26/17 - 09:39.32AM, iter: 086, cost: 0.062699
04/26/17 - 09:39.32AM, iter: 087, cost: 0.062989
04/26/17 - 09:39.32AM, iter: 088, cost: 0.062718
04/26/17 - 09:39.32AM, iter: 089, cost: 0.062755
04/26/17 - 09:39.32AM, iter: 090, cost: 0.062753
04/26/17 - 09:39.32AM, iter: 091, cost: 0.062586
04/26/17 - 09:39.32AM, iter: 092, cost: 0.062584
04/26/17 - 09:39.32AM, iter: 093, cost: 0.062529
04/26/17 - 09:39.32AM, iter: 094, cost: 0.062491
04/26/17 - 09:39.32AM, iter: 095, cost: 0.062389
04/26/17 - 09:39.32AM, iter: 096, cost: 0.062215
04/26/17 - 09:39.32AM, iter: 097, cost: 0.062217
04/26/17 - 09:39.32AM, iter: 098, cost: 0.061874
04/26/17 - 09:39.32AM, iter: 099, cost: 0.061350
04/26/17 - 09:39.32AM, iter: 100, cost: 0.061076
04/26/17 - 09:39.32AM, iter: 101, cost: 0.061476
04/26/17 - 09:39.32AM, iter: 102, cost: 0.061794
04/26/17 - 09:39.32AM, iter: 103, cost: 0.060997
04/26/17 - 09:39.32AM, iter: 104, cost: 0.060817
04/26/17 - 09:39.32AM, iter: 105, cost: 0.061027
04/26/17 - 09:39.32AM, iter: 106, cost: 0.060986
04/26/17 - 09:39.32AM, iter: 107, cost: 0.060638
04/26/17 - 09:39.32AM, iter: 108, cost: 0.061032
04/26/17 - 09:39.32AM, iter: 109, cost: 0.061004
04/26/17 - 09:39.32AM, iter: 110, cost: 0.060698
04/26/17 - 09:39.32AM, iter: 111, cost: 0.060857
04/26/17 - 09:39.32AM, iter: 112, cost: 0.060240
04/26/17 - 09:39.32AM, iter: 113, cost: 0.060685
04/26/17 - 09:39.32AM, iter: 114, cost: 0.060532
04/26/17 - 09:39.32AM, iter: 115, cost: 0.060221
04/26/17 - 09:39.32AM, iter: 116, cost: 0.060483
04/26/17 - 09:39.32AM, iter: 117, cost: 0.060111
04/26/17 - 09:39.32AM, iter: 118, cost: 0.060131
04/26/17 - 09:39.32AM, iter: 119, cost: 0.060437
04/26/17 - 09:39.32AM, iter: 120, cost: 0.060302
04/26/17 - 09:39.32AM, iter: 121, cost: 0.060325
04/26/17 - 09:39.32AM, iter: 122, cost: 0.060451
04/26/17 - 09:39.32AM, iter: 123, cost: 0.060128
04/26/17 - 09:39.32AM, iter: 124, cost: 0.059990
04/26/17 - 09:39.32AM, iter: 125, cost: 0.060165
04/26/17 - 09:39.32AM, iter: 126, cost: 0.060372
04/26/17 - 09:39.32AM, iter: 127, cost: 0.059959
04/26/17 - 09:39.32AM, iter: 128, cost: 0.060242
04/26/17 - 09:39.32AM, iter: 129, cost: 0.059617
04/26/17 - 09:39.32AM, iter: 130, cost: 0.060135
04/26/17 - 09:39.32AM, iter: 131, cost: 0.059498
04/26/17 - 09:39.32AM, iter: 132, cost: 0.060140
04/26/17 - 09:39.32AM, iter: 133, cost: 0.059357
04/26/17 - 09:39.32AM, iter: 134, cost: 0.059748
04/26/17 - 09:39.32AM, iter: 135, cost: 0.059804
04/26/17 - 09:39.32AM, iter: 136, cost: 0.059699
04/26/17 - 09:39.32AM, iter: 137, cost: 0.058968
04/26/17 - 09:39.32AM, iter: 138, cost: 0.058932
04/26/17 - 09:39.32AM, iter: 139, cost: 0.059312
04/26/17 - 09:39.32AM, iter: 140, cost: 0.059109
04/26/17 - 09:39.32AM, iter: 141, cost: 0.059042
04/26/17 - 09:39.32AM, iter: 142, cost: 0.058462
04/26/17 - 09:39.32AM, iter: 143, cost: 0.058565
04/26/17 - 09:39.32AM, iter: 144, cost: 0.058581
04/26/17 - 09:39.32AM, iter: 145, cost: 0.058209
04/26/17 - 09:39.32AM, iter: 146, cost: 0.058311
04/26/17 - 09:39.32AM, iter: 147, cost: 0.058846
04/26/17 - 09:39.32AM, iter: 148, cost: 0.058658
04/26/17 - 09:39.32AM, iter: 149, cost: 0.059122
04/26/17 - 09:39.32AM, iter: 150, cost: 0.059095
04/26/17 - 09:39.32AM, iter: 151, cost: 0.058699
04/26/17 - 09:39.32AM, iter: 152, cost: 0.058340
04/26/17 - 09:39.32AM, iter: 153, cost: 0.058727
04/26/17 - 09:39.32AM, iter: 154, cost: 0.058755
04/26/17 - 09:39.32AM, iter: 155, cost: 0.058954
04/26/17 - 09:39.32AM, iter: 156, cost: 0.058360
04/26/17 - 09:39.32AM, iter: 157, cost: 0.058640
04/26/17 - 09:39.32AM, iter: 158, cost: 0.058736
04/26/17 - 09:39.32AM, iter: 159, cost: 0.057998
04/26/17 - 09:39.32AM, iter: 160, cost: 0.057608
04/26/17 - 09:39.32AM, iter: 161, cost: 0.057603
04/26/17 - 09:39.32AM, iter: 162, cost: 0.058414
04/26/17 - 09:39.32AM, iter: 163, cost: 0.057781
04/26/17 - 09:39.32AM, iter: 164, cost: 0.058173
04/26/17 - 09:39.32AM, iter: 165, cost: 0.057931
04/26/17 - 09:39.32AM, iter: 166, cost: 0.057740
04/26/17 - 09:39.32AM, iter: 167, cost: 0.058000
04/26/17 - 09:39.32AM, iter: 168, cost: 0.057970
04/26/17 - 09:39.32AM, iter: 169, cost: 0.057620
04/26/17 - 09:39.32AM, iter: 170, cost: 0.058149
04/26/17 - 09:39.32AM, iter: 171, cost: 0.057619
04/26/17 - 09:39.32AM, iter: 172, cost: 0.057837
04/26/17 - 09:39.32AM, iter: 173, cost: 0.057984
04/26/17 - 09:39.32AM, iter: 174, cost: 0.057863
04/26/17 - 09:39.32AM, iter: 175, cost: 0.057924
04/26/17 - 09:39.32AM, iter: 176, cost: 0.057648
04/26/17 - 09:39.32AM, iter: 177, cost: 0.057484
04/26/17 - 09:39.32AM, iter: 178, cost: 0.057273
04/26/17 - 09:39.32AM, iter: 179, cost: 0.057553
04/26/17 - 09:39.32AM, iter: 180, cost: 0.057226
04/26/17 - 09:39.32AM, iter: 181, cost: 0.057492
04/26/17 - 09:39.32AM, iter: 182, cost: 0.057198
04/26/17 - 09:39.32AM, iter: 183, cost: 0.057462
04/26/17 - 09:39.32AM, iter: 184, cost: 0.057203
04/26/17 - 09:39.32AM, iter: 185, cost: 0.057537
04/26/17 - 09:39.32AM, iter: 186, cost: 0.057637
04/26/17 - 09:39.32AM, iter: 187, cost: 0.057327
04/26/17 - 09:39.32AM, iter: 188, cost: 0.057542
04/26/17 - 09:39.32AM, iter: 189, cost: 0.057532
04/26/17 - 09:39.32AM, iter: 190, cost: 0.057319
04/26/17 - 09:39.32AM, iter: 191, cost: 0.056990
04/26/17 - 09:39.32AM, iter: 192, cost: 0.057101
04/26/17 - 09:39.32AM, iter: 193, cost: 0.056667
04/26/17 - 09:39.32AM, iter: 194, cost: 0.056513
04/26/17 - 09:39.32AM, iter: 195, cost: 0.056524
04/26/17 - 09:39.32AM, iter: 196, cost: 0.056713
04/26/17 - 09:39.32AM, iter: 197, cost: 0.056645
04/26/17 - 09:39.32AM, iter: 198, cost: 0.057010
04/26/17 - 09:39.32AM, iter: 199, cost: 0.056901
04/26/17 - 09:39.32AM, iter: 200, cost: 0.056971
TRAINING MODEL
Read 14761 lines.
Initializing parameters...done.
vector size: 50
vocab size: 129
x_max: 10.000000
alpha: 0.750000
04/26/17 - 09:39.32AM, iter: 001, cost: 2.727289
04/26/17 - 09:39.32AM, iter: 002, cost: 0.595688
04/26/17 - 09:39.32AM, iter: 003, cost: 0.388942
04/26/17 - 09:39.32AM, iter: 004, cost: 0.324745
04/26/17 - 09:39.32AM, iter: 005, cost: 0.249298
04/26/17 - 09:39.32AM, iter: 006, cost: 0.197983
04/26/17 - 09:39.32AM, iter: 007, cost: 0.169621
04/26/17 - 09:39.32AM, iter: 008, cost: 0.150985
04/26/17 - 09:39.32AM, iter: 009, cost: 0.133938
04/26/17 - 09:39.32AM, iter: 010, cost: 0.118075
04/26/17 - 09:39.32AM, iter: 011, cost: 0.104627
04/26/17 - 09:39.32AM, iter: 012, cost: 0.092485
04/26/17 - 09:39.32AM, iter: 013, cost: 0.084434
04/26/17 - 09:39.32AM, iter: 014, cost: 0.075544
04/26/17 - 09:39.32AM, iter: 015, cost: 0.069001
04/26/17 - 09:39.32AM, iter: 016, cost: 0.062579
04/26/17 - 09:39.32AM, iter: 017, cost: 0.057254
04/26/17 - 09:39.32AM, iter: 018, cost: 0.051938
04/26/17 - 09:39.32AM, iter: 019, cost: 0.047923
04/26/17 - 09:39.32AM, iter: 020, cost: 0.044091
04/26/17 - 09:39.32AM, iter: 021, cost: 0.041047
04/26/17 - 09:39.32AM, iter: 022, cost: 0.038633
04/26/17 - 09:39.32AM, iter: 023, cost: 0.036525
04/26/17 - 09:39.32AM, iter: 024, cost: 0.034566
04/26/17 - 09:39.32AM, iter: 025, cost: 0.032909
04/26/17 - 09:39.32AM, iter: 026, cost: 0.031847
04/26/17 - 09:39.32AM, iter: 027, cost: 0.030677
04/26/17 - 09:39.32AM, iter: 028, cost: 0.029685
04/26/17 - 09:39.32AM, iter: 029, cost: 0.029004
04/26/17 - 09:39.32AM, iter: 030, cost: 0.028108
04/26/17 - 09:39.32AM, iter: 031, cost: 0.027562
04/26/17 - 09:39.32AM, iter: 032, cost: 0.026363
04/26/17 - 09:39.32AM, iter: 033, cost: 0.026019
04/26/17 - 09:39.32AM, iter: 034, cost: 0.025881
04/26/17 - 09:39.32AM, iter: 035, cost: 0.025333
04/26/17 - 09:39.32AM, iter: 036, cost: 0.024809
04/26/17 - 09:39.32AM, iter: 037, cost: 0.024447
04/26/17 - 09:39.32AM, iter: 038, cost: 0.024097
04/26/17 - 09:39.32AM, iter: 039, cost: 0.024057
04/26/17 - 09:39.32AM, iter: 040, cost: 0.023421
04/26/17 - 09:39.32AM, iter: 041, cost: 0.023457
04/26/17 - 09:39.32AM, iter: 042, cost: 0.023366
04/26/17 - 09:39.32AM, iter: 043, cost: 0.022878
04/26/17 - 09:39.32AM, iter: 044, cost: 0.022741
04/26/17 - 09:39.32AM, iter: 045, cost: 0.022647
04/26/17 - 09:39.32AM, iter: 046, cost: 0.022513
04/26/17 - 09:39.32AM, iter: 047, cost: 0.022339
04/26/17 - 09:39.32AM, iter: 048, cost: 0.022318
04/26/17 - 09:39.32AM, iter: 049, cost: 0.022100
04/26/17 - 09:39.32AM, iter: 050, cost: 0.021737
04/26/17 - 09:39.32AM, iter: 051, cost: 0.021394
04/26/17 - 09:39.32AM, iter: 052, cost: 0.021539
04/26/17 - 09:39.32AM, iter: 053, cost: 0.021236
04/26/17 - 09:39.32AM, iter: 054, cost: 0.021172
04/26/17 - 09:39.32AM, iter: 055, cost: 0.021331
04/26/17 - 09:39.32AM, iter: 056, cost: 0.021176
04/26/17 - 09:39.32AM, iter: 057, cost: 0.020940
04/26/17 - 09:39.32AM, iter: 058, cost: 0.020844
04/26/17 - 09:39.32AM, iter: 059, cost: 0.020923
04/26/17 - 09:39.32AM, iter: 060, cost: 0.020608
04/26/17 - 09:39.32AM, iter: 061, cost: 0.020554
04/26/17 - 09:39.32AM, iter: 062, cost: 0.020623
04/26/17 - 09:39.32AM, iter: 063, cost: 0.020474
04/26/17 - 09:39.32AM, iter: 064, cost: 0.020235
04/26/17 - 09:39.32AM, iter: 065, cost: 0.019966
04/26/17 - 09:39.32AM, iter: 066, cost: 0.019941
04/26/17 - 09:39.32AM, iter: 067, cost: 0.019891
04/26/17 - 09:39.32AM, iter: 068, cost: 0.019803
04/26/17 - 09:39.32AM, iter: 069, cost: 0.019711
04/26/17 - 09:39.32AM, iter: 070, cost: 0.019791
04/26/17 - 09:39.32AM, iter: 071, cost: 0.019722
04/26/17 - 09:39.32AM, iter: 072, cost: 0.019769
04/26/17 - 09:39.32AM, iter: 073, cost: 0.019468
04/26/17 - 09:39.32AM, iter: 074, cost: 0.019547
04/26/17 - 09:39.32AM, iter: 075, cost: 0.019438
04/26/17 - 09:39.32AM, iter: 076, cost: 0.019311
04/26/17 - 09:39.32AM, iter: 077, cost: 0.019286
04/26/17 - 09:39.32AM, iter: 078, cost: 0.019400
04/26/17 - 09:39.32AM, iter: 079, cost: 0.019096
04/26/17 - 09:39.32AM, iter: 080, cost: 0.019080
04/26/17 - 09:39.32AM, iter: 081, cost: 0.019011
04/26/17 - 09:39.32AM, iter: 082, cost: 0.019009
04/26/17 - 09:39.32AM, iter: 083, cost: 0.019173
04/26/17 - 09:39.32AM, iter: 084, cost: 0.018730
04/26/17 - 09:39.32AM, iter: 085, cost: 0.018974
04/26/17 - 09:39.32AM, iter: 086, cost: 0.018913
04/26/17 - 09:39.32AM, iter: 087, cost: 0.018659
04/26/17 - 09:39.32AM, iter: 088, cost: 0.018600
04/26/17 - 09:39.32AM, iter: 089, cost: 0.018636
04/26/17 - 09:39.32AM, iter: 090, cost: 0.018668
04/26/17 - 09:39.32AM, iter: 091, cost: 0.018514
04/26/17 - 09:39.32AM, iter: 092, cost: 0.018554
04/26/17 - 09:39.32AM, iter: 093, cost: 0.018730
04/26/17 - 09:39.32AM, iter: 094, cost: 0.018461
04/26/17 - 09:39.32AM, iter: 095, cost: 0.018436
04/26/17 - 09:39.32AM, iter: 096, cost: 0.018417
04/26/17 - 09:39.32AM, iter: 097, cost: 0.018146
04/26/17 - 09:39.32AM, iter: 098, cost: 0.018255
04/26/17 - 09:39.32AM, iter: 099, cost: 0.018118
04/26/17 - 09:39.32AM, iter: 100, cost: 0.018106
04/26/17 - 09:39.32AM, iter: 101, cost: 0.018055
04/26/17 - 09:39.32AM, iter: 102, cost: 0.018002
04/26/17 - 09:39.32AM, iter: 103, cost: 0.018085
04/26/17 - 09:39.32AM, iter: 104, cost: 0.018014
04/26/17 - 09:39.32AM, iter: 105, cost: 0.017838
04/26/17 - 09:39.32AM, iter: 106, cost: 0.017788
04/26/17 - 09:39.32AM, iter: 107, cost: 0.017627
04/26/17 - 09:39.32AM, iter: 108, cost: 0.017619
04/26/17 - 09:39.32AM, iter: 109, cost: 0.017724
04/26/17 - 09:39.32AM, iter: 110, cost: 0.017676
04/26/17 - 09:39.32AM, iter: 111, cost: 0.017481
04/26/17 - 09:39.32AM, iter: 112, cost: 0.017417
04/26/17 - 09:39.32AM, iter: 113, cost: 0.017389
04/26/17 - 09:39.32AM, iter: 114, cost: 0.017480
04/26/17 - 09:39.32AM, iter: 115, cost: 0.017494
04/26/17 - 09:39.32AM, iter: 116, cost: 0.017538
04/26/17 - 09:39.32AM, iter: 117, cost: 0.017428
04/26/17 - 09:39.32AM, iter: 118, cost: 0.017202
04/26/17 - 09:39.32AM, iter: 119, cost: 0.017300
04/26/17 - 09:39.32AM, iter: 120, cost: 0.017341
04/26/17 - 09:39.32AM, iter: 121, cost: 0.017341
04/26/17 - 09:39.32AM, iter: 122, cost: 0.017407
04/26/17 - 09:39.32AM, iter: 123, cost: 0.017401
04/26/17 - 09:39.32AM, iter: 124, cost: 0.017478
04/26/17 - 09:39.32AM, iter: 125, cost: 0.017467
04/26/17 - 09:39.32AM, iter: 126, cost: 0.017538
04/26/17 - 09:39.32AM, iter: 127, cost: 0.017086
04/26/17 - 09:39.32AM, iter: 128, cost: 0.017041
04/26/17 - 09:39.32AM, iter: 129, cost: 0.016980
04/26/17 - 09:39.32AM, iter: 130, cost: 0.016971
04/26/17 - 09:39.32AM, iter: 131, cost: 0.017017
04/26/17 - 09:39.32AM, iter: 132, cost: 0.016997
04/26/17 - 09:39.32AM, iter: 133, cost: 0.017047
04/26/17 - 09:39.32AM, iter: 134, cost: 0.016953
04/26/17 - 09:39.32AM, iter: 135, cost: 0.017003
04/26/17 - 09:39.32AM, iter: 136, cost: 0.017136
04/26/17 - 09:39.32AM, iter: 137, cost: 0.016915
04/26/17 - 09:39.32AM, iter: 138, cost: 0.016810
04/26/17 - 09:39.32AM, iter: 139, cost: 0.016699
04/26/17 - 09:39.32AM, iter: 140, cost: 0.016737
04/26/17 - 09:39.32AM, iter: 141, cost: 0.016824
04/26/17 - 09:39.32AM, iter: 142, cost: 0.016770
04/26/17 - 09:39.32AM, iter: 143, cost: 0.016675
04/26/17 - 09:39.32AM, iter: 144, cost: 0.016618
04/26/17 - 09:39.32AM, iter: 145, cost: 0.016764
04/26/17 - 09:39.32AM, iter: 146, cost: 0.016660
04/26/17 - 09:39.32AM, iter: 147, cost: 0.016690
04/26/17 - 09:39.32AM, iter: 148, cost: 0.016597
04/26/17 - 09:39.32AM, iter: 149, cost: 0.016459
04/26/17 - 09:39.32AM, iter: 150, cost: 0.016328
04/26/17 - 09:39.32AM, iter: 151, cost: 0.016430
04/26/17 - 09:39.32AM, iter: 152, cost: 0.016353
04/26/17 - 09:39.32AM, iter: 153, cost: 0.016185
04/26/17 - 09:39.32AM, iter: 154, cost: 0.016084
04/26/17 - 09:39.32AM, iter: 155, cost: 0.016171
04/26/17 - 09:39.32AM, iter: 156, cost: 0.016325
04/26/17 - 09:39.32AM, iter: 157, cost: 0.016358
04/26/17 - 09:39.32AM, iter: 158, cost: 0.016322
04/26/17 - 09:39.32AM, iter: 159, cost: 0.016369
04/26/17 - 09:39.32AM, iter: 160, cost: 0.016499
04/26/17 - 09:39.32AM, iter: 161, cost: 0.016343
04/26/17 - 09:39.32AM, iter: 162, cost: 0.016340
04/26/17 - 09:39.32AM, iter: 163, cost: 0.016385
04/26/17 - 09:39.32AM, iter: 164, cost: 0.016316
04/26/17 - 09:39.32AM, iter: 165, cost: 0.016332
04/26/17 - 09:39.32AM, iter: 166, cost: 0.016353
04/26/17 - 09:39.33AM, iter: 167, cost: 0.016193
04/26/17 - 09:39.33AM, iter: 168, cost: 0.016167
04/26/17 - 09:39.33AM, iter: 169, cost: 0.016135
04/26/17 - 09:39.33AM, iter: 170, cost: 0.015601
04/26/17 - 09:39.33AM, iter: 171, cost: 0.015841
04/26/17 - 09:39.33AM, iter: 172, cost: 0.015942
04/26/17 - 09:39.33AM, iter: 173, cost: 0.015896
04/26/17 - 09:39.33AM, iter: 174, cost: 0.015986
04/26/17 - 09:39.33AM, iter: 175, cost: 0.016126
04/26/17 - 09:39.33AM, iter: 176, cost: 0.016033
04/26/17 - 09:39.33AM, iter: 177, cost: 0.015875
04/26/17 - 09:39.33AM, iter: 178, cost: 0.016065
04/26/17 - 09:39.33AM, iter: 179, cost: 0.015920
04/26/17 - 09:39.33AM, iter: 180, cost: 0.016070
04/26/17 - 09:39.33AM, iter: 181, cost: 0.015926
04/26/17 - 09:39.33AM, iter: 182, cost: 0.015993
04/26/17 - 09:39.33AM, iter: 183, cost: 0.016055
04/26/17 - 09:39.33AM, iter: 184, cost: 0.015892
04/26/17 - 09:39.33AM, iter: 185, cost: 0.015787
04/26/17 - 09:39.33AM, iter: 186, cost: 0.015936
04/26/17 - 09:39.33AM, iter: 187, cost: 0.015814
04/26/17 - 09:39.33AM, iter: 188, cost: 0.015815
04/26/17 - 09:39.33AM, iter: 189, cost: 0.016010
04/26/17 - 09:39.33AM, iter: 190, cost: 0.015769
04/26/17 - 09:39.33AM, iter: 191, cost: 0.015847
04/26/17 - 09:39.33AM, iter: 192, cost: 0.016005
04/26/17 - 09:39.33AM, iter: 193, cost: 0.015883
04/26/17 - 09:39.33AM, iter: 194, cost: 0.015813
04/26/17 - 09:39.33AM, iter: 195, cost: 0.015966
04/26/17 - 09:39.33AM, iter: 196, cost: 0.015735
04/26/17 - 09:39.33AM, iter: 197, cost: 0.015608
04/26/17 - 09:39.33AM, iter: 198, cost: 0.015552
04/26/17 - 09:39.33AM, iter: 199, cost: 0.015695
04/26/17 - 09:39.33AM, iter: 200, cost: 0.015652
TRAINING MODEL
Read 14761 lines.
Initializing parameters...done.
vector size: 100
vocab size: 129
x_max: 10.000000
alpha: 0.750000
04/26/17 - 09:39.33AM, iter: 001, cost: 2.817477
04/26/17 - 09:39.33AM, iter: 002, cost: 0.619101
04/26/17 - 09:39.33AM, iter: 003, cost: 0.398786
04/26/17 - 09:39.33AM, iter: 004, cost: 0.335320
04/26/17 - 09:39.33AM, iter: 005, cost: 0.265202
04/26/17 - 09:39.33AM, iter: 006, cost: 0.213322
04/26/17 - 09:39.33AM, iter: 007, cost: 0.180975
04/26/17 - 09:39.33AM, iter: 008, cost: 0.157638
04/26/17 - 09:39.33AM, iter: 009, cost: 0.138003
04/26/17 - 09:39.33AM, iter: 010, cost: 0.121251
04/26/17 - 09:39.33AM, iter: 011, cost: 0.106368
04/26/17 - 09:39.33AM, iter: 012, cost: 0.093421
04/26/17 - 09:39.33AM, iter: 013, cost: 0.083000
04/26/17 - 09:39.33AM, iter: 014, cost: 0.074193
04/26/17 - 09:39.33AM, iter: 015, cost: 0.065590
04/26/17 - 09:39.33AM, iter: 016, cost: 0.059026
04/26/17 - 09:39.33AM, iter: 017, cost: 0.051882
04/26/17 - 09:39.33AM, iter: 018, cost: 0.046639
04/26/17 - 09:39.33AM, iter: 019, cost: 0.042115
04/26/17 - 09:39.33AM, iter: 020, cost: 0.038562
04/26/17 - 09:39.33AM, iter: 021, cost: 0.034610
04/26/17 - 09:39.33AM, iter: 022, cost: 0.031607
04/26/17 - 09:39.33AM, iter: 023, cost: 0.028567
04/26/17 - 09:39.33AM, iter: 024, cost: 0.025825
04/26/17 - 09:39.33AM, iter: 025, cost: 0.023786
04/26/17 - 09:39.33AM, iter: 026, cost: 0.022217
04/26/17 - 09:39.33AM, iter: 027, cost: 0.020201
04/26/17 - 09:39.33AM, iter: 028, cost: 0.018753
04/26/17 - 09:39.33AM, iter: 029, cost: 0.017966
04/26/17 - 09:39.33AM, iter: 030, cost: 0.016671
04/26/17 - 09:39.33AM, iter: 031, cost: 0.015417
04/26/17 - 09:39.33AM, iter: 032, cost: 0.014080
04/26/17 - 09:39.33AM, iter: 033, cost: 0.013051
04/26/17 - 09:39.33AM, iter: 034, cost: 0.012361
04/26/17 - 09:39.33AM, iter: 035, cost: 0.011540
04/26/17 - 09:39.33AM, iter: 036, cost: 0.010758
04/26/17 - 09:39.33AM, iter: 037, cost: 0.010117
04/26/17 - 09:39.33AM, iter: 038, cost: 0.009550
04/26/17 - 09:39.33AM, iter: 039, cost: 0.008903
04/26/17 - 09:39.33AM, iter: 040, cost: 0.008355
04/26/17 - 09:39.33AM, iter: 041, cost: 0.007885
04/26/17 - 09:39.33AM, iter: 042, cost: 0.007536
04/26/17 - 09:39.33AM, iter: 043, cost: 0.007094
04/26/17 - 09:39.33AM, iter: 044, cost: 0.006856
04/26/17 - 09:39.33AM, iter: 045, cost: 0.006357
04/26/17 - 09:39.33AM, iter: 046, cost: 0.006116
04/26/17 - 09:39.33AM, iter: 047, cost: 0.005858
04/26/17 - 09:39.33AM, iter: 048, cost: 0.005504
04/26/17 - 09:39.33AM, iter: 049, cost: 0.005166
04/26/17 - 09:39.33AM, iter: 050, cost: 0.004982
04/26/17 - 09:39.33AM, iter: 051, cost: 0.004761
04/26/17 - 09:39.33AM, iter: 052, cost: 0.004561
04/26/17 - 09:39.33AM, iter: 053, cost: 0.004335
04/26/17 - 09:39.33AM, iter: 054, cost: 0.004143
04/26/17 - 09:39.33AM, iter: 055, cost: 0.003986
04/26/17 - 09:39.33AM, iter: 056, cost: 0.003911
04/26/17 - 09:39.33AM, iter: 057, cost: 0.003650
04/26/17 - 09:39.33AM, iter: 058, cost: 0.003507
04/26/17 - 09:39.33AM, iter: 059, cost: 0.003455
04/26/17 - 09:39.33AM, iter: 060, cost: 0.003233
04/26/17 - 09:39.33AM, iter: 061, cost: 0.003098
04/26/17 - 09:39.33AM, iter: 062, cost: 0.003030
04/26/17 - 09:39.33AM, iter: 063, cost: 0.002920
04/26/17 - 09:39.33AM, iter: 064, cost: 0.002757
04/26/17 - 09:39.33AM, iter: 065, cost: 0.002637
04/26/17 - 09:39.33AM, iter: 066, cost: 0.002553
04/26/17 - 09:39.33AM, iter: 067, cost: 0.002426
04/26/17 - 09:39.33AM, iter: 068, cost: 0.002375
04/26/17 - 09:39.33AM, iter: 069, cost: 0.002248
04/26/17 - 09:39.33AM, iter: 070, cost: 0.002210
04/26/17 - 09:39.33AM, iter: 071, cost: 0.002097
04/26/17 - 09:39.33AM, iter: 072, cost: 0.002057
04/26/17 - 09:39.33AM, iter: 073, cost: 0.001959
04/26/17 - 09:39.33AM, iter: 074, cost: 0.001937
04/26/17 - 09:39.33AM, iter: 075, cost: 0.001840
04/26/17 - 09:39.33AM, iter: 076, cost: 0.001805
04/26/17 - 09:39.33AM, iter: 077, cost: 0.001752
04/26/17 - 09:39.33AM, iter: 078, cost: 0.001696
04/26/17 - 09:39.33AM, iter: 079, cost: 0.001622
04/26/17 - 09:39.33AM, iter: 080, cost: 0.001582
04/26/17 - 09:39.33AM, iter: 081, cost: 0.001508
04/26/17 - 09:39.33AM, iter: 082, cost: 0.001474
04/26/17 - 09:39.33AM, iter: 083, cost: 0.001447
04/26/17 - 09:39.33AM, iter: 084, cost: 0.001386
04/26/17 - 09:39.33AM, iter: 085, cost: 0.001360
04/26/17 - 09:39.33AM, iter: 086, cost: 0.001344
04/26/17 - 09:39.33AM, iter: 087, cost: 0.001285
04/26/17 - 09:39.33AM, iter: 088, cost: 0.001280
04/26/17 - 09:39.33AM, iter: 089, cost: 0.001244
04/26/17 - 09:39.33AM, iter: 090, cost: 0.001198
04/26/17 - 09:39.33AM, iter: 091, cost: 0.001161
04/26/17 - 09:39.33AM, iter: 092, cost: 0.001140
04/26/17 - 09:39.33AM, iter: 093, cost: 0.001108
04/26/17 - 09:39.33AM, iter: 094, cost: 0.001088
04/26/17 - 09:39.33AM, iter: 095, cost: 0.001069
04/26/17 - 09:39.33AM, iter: 096, cost: 0.001039
04/26/17 - 09:39.33AM, iter: 097, cost: 0.001005
04/26/17 - 09:39.33AM, iter: 098, cost: 0.000971
04/26/17 - 09:39.33AM, iter: 099, cost: 0.000942
04/26/17 - 09:39.33AM, iter: 100, cost: 0.000932
04/26/17 - 09:39.33AM, iter: 101, cost: 0.000905
04/26/17 - 09:39.33AM, iter: 102, cost: 0.000884
04/26/17 - 09:39.33AM, iter: 103, cost: 0.000867
04/26/17 - 09:39.33AM, iter: 104, cost: 0.000857
04/26/17 - 09:39.33AM, iter: 105, cost: 0.000837
04/26/17 - 09:39.33AM, iter: 106, cost: 0.000815
04/26/17 - 09:39.33AM, iter: 107, cost: 0.000798
04/26/17 - 09:39.33AM, iter: 108, cost: 0.000776
04/26/17 - 09:39.33AM, iter: 109, cost: 0.000761
04/26/17 - 09:39.33AM, iter: 110, cost: 0.000759
04/26/17 - 09:39.33AM, iter: 111, cost: 0.000741
04/26/17 - 09:39.33AM, iter: 112, cost: 0.000717
04/26/17 - 09:39.33AM, iter: 113, cost: 0.000697
04/26/17 - 09:39.33AM, iter: 114, cost: 0.000690
04/26/17 - 09:39.33AM, iter: 115, cost: 0.000675
04/26/17 - 09:39.33AM, iter: 116, cost: 0.000658
04/26/17 - 09:39.33AM, iter: 117, cost: 0.000646
04/26/17 - 09:39.33AM, iter: 118, cost: 0.000636
04/26/17 - 09:39.33AM, iter: 119, cost: 0.000635
04/26/17 - 09:39.33AM, iter: 120, cost: 0.000623
04/26/17 - 09:39.33AM, iter: 121, cost: 0.000600
04/26/17 - 09:39.33AM, iter: 122, cost: 0.000591
04/26/17 - 09:39.33AM, iter: 123, cost: 0.000582
04/26/17 - 09:39.33AM, iter: 124, cost: 0.000576
04/26/17 - 09:39.33AM, iter: 125, cost: 0.000562
04/26/17 - 09:39.33AM, iter: 126, cost: 0.000552
04/26/17 - 09:39.33AM, iter: 127, cost: 0.000543
04/26/17 - 09:39.33AM, iter: 128, cost: 0.000533
04/26/17 - 09:39.33AM, iter: 129, cost: 0.000522
04/26/17 - 09:39.33AM, iter: 130, cost: 0.000517
04/26/17 - 09:39.33AM, iter: 131, cost: 0.000507
04/26/17 - 09:39.33AM, iter: 132, cost: 0.000503
04/26/17 - 09:39.33AM, iter: 133, cost: 0.000500
04/26/17 - 09:39.33AM, iter: 134, cost: 0.000486
04/26/17 - 09:39.33AM, iter: 135, cost: 0.000472
04/26/17 - 09:39.33AM, iter: 136, cost: 0.000465
04/26/17 - 09:39.33AM, iter: 137, cost: 0.000466
04/26/17 - 09:39.33AM, iter: 138, cost: 0.000456
04/26/17 - 09:39.33AM, iter: 139, cost: 0.000454
04/26/17 - 09:39.33AM, iter: 140, cost: 0.000444
04/26/17 - 09:39.33AM, iter: 141, cost: 0.000448
04/26/17 - 09:39.33AM, iter: 142, cost: 0.000439
04/26/17 - 09:39.33AM, iter: 143, cost: 0.000423
04/26/17 - 09:39.33AM, iter: 144, cost: 0.000418
04/26/17 - 09:39.33AM, iter: 145, cost: 0.000409
04/26/17 - 09:39.33AM, iter: 146, cost: 0.000406
04/26/17 - 09:39.33AM, iter: 147, cost: 0.000409
04/26/17 - 09:39.33AM, iter: 148, cost: 0.000402
04/26/17 - 09:39.33AM, iter: 149, cost: 0.000393
04/26/17 - 09:39.33AM, iter: 150, cost: 0.000389
04/26/17 - 09:39.33AM, iter: 151, cost: 0.000379
04/26/17 - 09:39.33AM, iter: 152, cost: 0.000381
04/26/17 - 09:39.33AM, iter: 153, cost: 0.000378
04/26/17 - 09:39.33AM, iter: 154, cost: 0.000365
04/26/17 - 09:39.33AM, iter: 155, cost: 0.000359
04/26/17 - 09:39.33AM, iter: 156, cost: 0.000353
04/26/17 - 09:39.33AM, iter: 157, cost: 0.000356
04/26/17 - 09:39.33AM, iter: 158, cost: 0.000347
04/26/17 - 09:39.33AM, iter: 159, cost: 0.000343
04/26/17 - 09:39.33AM, iter: 160, cost: 0.000340
04/26/17 - 09:39.33AM, iter: 161, cost: 0.000346
04/26/17 - 09:39.33AM, iter: 162, cost: 0.000337
04/26/17 - 09:39.33AM, iter: 163, cost: 0.000331
04/26/17 - 09:39.33AM, iter: 164, cost: 0.000323
04/26/17 - 09:39.33AM, iter: 165, cost: 0.000325
04/26/17 - 09:39.33AM, iter: 166, cost: 0.000313
04/26/17 - 09:39.33AM, iter: 167, cost: 0.000310
04/26/17 - 09:39.33AM, iter: 168, cost: 0.000305
04/26/17 - 09:39.33AM, iter: 169, cost: 0.000302
04/26/17 - 09:39.33AM, iter: 170, cost: 0.000298
04/26/17 - 09:39.33AM, iter: 171, cost: 0.000295
04/26/17 - 09:39.33AM, iter: 172, cost: 0.000294
04/26/17 - 09:39.33AM, iter: 173, cost: 0.000294
04/26/17 - 09:39.33AM, iter: 174, cost: 0.000290
04/26/17 - 09:39.33AM, iter: 175, cost: 0.000290
04/26/17 - 09:39.33AM, iter: 176, cost: 0.000281
04/26/17 - 09:39.33AM, iter: 177, cost: 0.000279
04/26/17 - 09:39.33AM, iter: 178, cost: 0.000281
04/26/17 - 09:39.33AM, iter: 179, cost: 0.000281
04/26/17 - 09:39.33AM, iter: 180, cost: 0.000274
04/26/17 - 09:39.33AM, iter: 181, cost: 0.000274
04/26/17 - 09:39.33AM, iter: 182, cost: 0.000268
04/26/17 - 09:39.33AM, iter: 183, cost: 0.000268
04/26/17 - 09:39.33AM, iter: 184, cost: 0.000269
04/26/17 - 09:39.33AM, iter: 185, cost: 0.000262
04/26/17 - 09:39.33AM, iter: 186, cost: 0.000256
04/26/17 - 09:39.33AM, iter: 187, cost: 0.000256
04/26/17 - 09:39.33AM, iter: 188, cost: 0.000254
04/26/17 - 09:39.33AM, iter: 189, cost: 0.000258
04/26/17 - 09:39.33AM, iter: 190, cost: 0.000249
04/26/17 - 09:39.33AM, iter: 191, cost: 0.000254
04/26/17 - 09:39.33AM, iter: 192, cost: 0.000245
04/26/17 - 09:39.33AM, iter: 193, cost: 0.000247
04/26/17 - 09:39.33AM, iter: 194, cost: 0.000240
04/26/17 - 09:39.33AM, iter: 195, cost: 0.000243
04/26/17 - 09:39.33AM, iter: 196, cost: 0.000241
04/26/17 - 09:39.33AM, iter: 197, cost: 0.000232
04/26/17 - 09:39.33AM, iter: 198, cost: 0.000227
04/26/17 - 09:39.33AM, iter: 199, cost: 0.000227
04/26/17 - 09:39.33AM, iter: 200, cost: 0.000228
TRAINING MODEL
Read 14761 lines.
Initializing parameters...done.
vector size: 200
vocab size: 129
x_max: 10.000000
alpha: 0.750000
04/26/17 - 09:39.33AM, iter: 001, cost: 2.905395
04/26/17 - 09:39.33AM, iter: 002, cost: 0.642798
04/26/17 - 09:39.33AM, iter: 003, cost: 0.417211
04/26/17 - 09:39.33AM, iter: 004, cost: 0.347280
04/26/17 - 09:39.33AM, iter: 005, cost: 0.285634
04/26/17 - 09:39.33AM, iter: 006, cost: 0.224172
04/26/17 - 09:39.33AM, iter: 007, cost: 0.186825
04/26/17 - 09:39.33AM, iter: 008, cost: 0.164361
04/26/17 - 09:39.33AM, iter: 009, cost: 0.146592
04/26/17 - 09:39.33AM, iter: 010, cost: 0.127467
04/26/17 - 09:39.33AM, iter: 011, cost: 0.111967
04/26/17 - 09:39.33AM, iter: 012, cost: 0.100024
04/26/17 - 09:39.33AM, iter: 013, cost: 0.087888
04/26/17 - 09:39.33AM, iter: 014, cost: 0.079449
04/26/17 - 09:39.33AM, iter: 015, cost: 0.068971
04/26/17 - 09:39.33AM, iter: 016, cost: 0.062805
04/26/17 - 09:39.33AM, iter: 017, cost: 0.055744
04/26/17 - 09:39.33AM, iter: 018, cost: 0.049493
04/26/17 - 09:39.33AM, iter: 019, cost: 0.044735
04/26/17 - 09:39.33AM, iter: 020, cost: 0.039234
04/26/17 - 09:39.33AM, iter: 021, cost: 0.035547
04/26/17 - 09:39.33AM, iter: 022, cost: 0.032342
04/26/17 - 09:39.33AM, iter: 023, cost: 0.029430
04/26/17 - 09:39.33AM, iter: 024, cost: 0.026725
04/26/17 - 09:39.33AM, iter: 025, cost: 0.024328
04/26/17 - 09:39.33AM, iter: 026, cost: 0.022311
04/26/17 - 09:39.33AM, iter: 027, cost: 0.020245
04/26/17 - 09:39.33AM, iter: 028, cost: 0.018893
04/26/17 - 09:39.33AM, iter: 029, cost: 0.017061
04/26/17 - 09:39.33AM, iter: 030, cost: 0.015751
04/26/17 - 09:39.33AM, iter: 031, cost: 0.014539
04/26/17 - 09:39.33AM, iter: 032, cost: 0.013826
04/26/17 - 09:39.33AM, iter: 033, cost: 0.012597
04/26/17 - 09:39.33AM, iter: 034, cost: 0.011575
04/26/17 - 09:39.33AM, iter: 035, cost: 0.010668
04/26/17 - 09:39.33AM, iter: 036, cost: 0.009803
04/26/17 - 09:39.33AM, iter: 037, cost: 0.009248
04/26/17 - 09:39.33AM, iter: 038, cost: 0.008680
04/26/17 - 09:39.33AM, iter: 039, cost: 0.008054
04/26/17 - 09:39.33AM, iter: 040, cost: 0.007568
04/26/17 - 09:39.33AM, iter: 041, cost: 0.007131
04/26/17 - 09:39.33AM, iter: 042, cost: 0.006822
04/26/17 - 09:39.33AM, iter: 043, cost: 0.006299
04/26/17 - 09:39.33AM, iter: 044, cost: 0.005916
04/26/17 - 09:39.33AM, iter: 045, cost: 0.005746
04/26/17 - 09:39.33AM, iter: 046, cost: 0.005292
04/26/17 - 09:39.33AM, iter: 047, cost: 0.005097
04/26/17 - 09:39.33AM, iter: 048, cost: 0.004808
04/26/17 - 09:39.33AM, iter: 049, cost: 0.004438
04/26/17 - 09:39.33AM, iter: 050, cost: 0.004252
04/26/17 - 09:39.33AM, iter: 051, cost: 0.004144
04/26/17 - 09:39.33AM, iter: 052, cost: 0.003916
04/26/17 - 09:39.33AM, iter: 053, cost: 0.003673
04/26/17 - 09:39.33AM, iter: 054, cost: 0.003455
04/26/17 - 09:39.33AM, iter: 055, cost: 0.003280
04/26/17 - 09:39.33AM, iter: 056, cost: 0.003139
04/26/17 - 09:39.33AM, iter: 057, cost: 0.003043
04/26/17 - 09:39.33AM, iter: 058, cost: 0.002849
04/26/17 - 09:39.33AM, iter: 059, cost: 0.002724
04/26/17 - 09:39.33AM, iter: 060, cost: 0.002621
04/26/17 - 09:39.33AM, iter: 061, cost: 0.002494
04/26/17 - 09:39.33AM, iter: 062, cost: 0.002386
04/26/17 - 09:39.33AM, iter: 063, cost: 0.002280
04/26/17 - 09:39.33AM, iter: 064, cost: 0.002155
04/26/17 - 09:39.33AM, iter: 065, cost: 0.002055
04/26/17 - 09:39.33AM, iter: 066, cost: 0.001974
04/26/17 - 09:39.33AM, iter: 067, cost: 0.001928
04/26/17 - 09:39.33AM, iter: 068, cost: 0.001834
04/26/17 - 09:39.33AM, iter: 069, cost: 0.001750
04/26/17 - 09:39.33AM, iter: 070, cost: 0.001710
04/26/17 - 09:39.33AM, iter: 071, cost: 0.001627
04/26/17 - 09:39.33AM, iter: 072, cost: 0.001588
04/26/17 - 09:39.33AM, iter: 073, cost: 0.001508
04/26/17 - 09:39.33AM, iter: 074, cost: 0.001443
04/26/17 - 09:39.33AM, iter: 075, cost: 0.001413
04/26/17 - 09:39.33AM, iter: 076, cost: 0.001346
04/26/17 - 09:39.33AM, iter: 077, cost: 0.001301
04/26/17 - 09:39.33AM, iter: 078, cost: 0.001273
04/26/17 - 09:39.33AM, iter: 079, cost: 0.001217
04/26/17 - 09:39.33AM, iter: 080, cost: 0.001169
04/26/17 - 09:39.33AM, iter: 081, cost: 0.001127
04/26/17 - 09:39.33AM, iter: 082, cost: 0.001110
04/26/17 - 09:39.33AM, iter: 083, cost: 0.001053
04/26/17 - 09:39.33AM, iter: 084, cost: 0.001013
04/26/17 - 09:39.33AM, iter: 085, cost: 0.000999
04/26/17 - 09:39.33AM, iter: 086, cost: 0.000955
04/26/17 - 09:39.33AM, iter: 087, cost: 0.000915
04/26/17 - 09:39.33AM, iter: 088, cost: 0.000882
04/26/17 - 09:39.33AM, iter: 089, cost: 0.000858
04/26/17 - 09:39.33AM, iter: 090, cost: 0.000833
04/26/17 - 09:39.33AM, iter: 091, cost: 0.000821
04/26/17 - 09:39.33AM, iter: 092, cost: 0.000788
04/26/17 - 09:39.33AM, iter: 093, cost: 0.000762
04/26/17 - 09:39.33AM, iter: 094, cost: 0.000730
04/26/17 - 09:39.33AM, iter: 095, cost: 0.000711
04/26/17 - 09:39.33AM, iter: 096, cost: 0.000690
04/26/17 - 09:39.33AM, iter: 097, cost: 0.000665
04/26/17 - 09:39.33AM, iter: 098, cost: 0.000645
04/26/17 - 09:39.33AM, iter: 099, cost: 0.000624
04/26/17 - 09:39.33AM, iter: 100, cost: 0.000606
04/26/17 - 09:39.33AM, iter: 101, cost: 0.000594
04/26/17 - 09:39.33AM, iter: 102, cost: 0.000578
04/26/17 - 09:39.33AM, iter: 103, cost: 0.000560
04/26/17 - 09:39.33AM, iter: 104, cost: 0.000546
04/26/17 - 09:39.33AM, iter: 105, cost: 0.000527
04/26/17 - 09:39.33AM, iter: 106, cost: 0.000510
04/26/17 - 09:39.33AM, iter: 107, cost: 0.000494
04/26/17 - 09:39.33AM, iter: 108, cost: 0.000484
04/26/17 - 09:39.33AM, iter: 109, cost: 0.000472
04/26/17 - 09:39.33AM, iter: 110, cost: 0.000466
04/26/17 - 09:39.33AM, iter: 111, cost: 0.000447
04/26/17 - 09:39.33AM, iter: 112, cost: 0.000431
04/26/17 - 09:39.33AM, iter: 113, cost: 0.000418
04/26/17 - 09:39.33AM, iter: 114, cost: 0.000404
04/26/17 - 09:39.33AM, iter: 115, cost: 0.000398
04/26/17 - 09:39.33AM, iter: 116, cost: 0.000383
04/26/17 - 09:39.33AM, iter: 117, cost: 0.000377
04/26/17 - 09:39.33AM, iter: 118, cost: 0.000368
04/26/17 - 09:39.33AM, iter: 119, cost: 0.000355
04/26/17 - 09:39.33AM, iter: 120, cost: 0.000348
04/26/17 - 09:39.33AM, iter: 121, cost: 0.000339
04/26/17 - 09:39.33AM, iter: 122, cost: 0.000326
04/26/17 - 09:39.33AM, iter: 123, cost: 0.000314
04/26/17 - 09:39.33AM, iter: 124, cost: 0.000306
04/26/17 - 09:39.33AM, iter: 125, cost: 0.000302
04/26/17 - 09:39.33AM, iter: 126, cost: 0.000293
04/26/17 - 09:39.33AM, iter: 127, cost: 0.000287
04/26/17 - 09:39.33AM, iter: 128, cost: 0.000277
04/26/17 - 09:39.33AM, iter: 129, cost: 0.000271
04/26/17 - 09:39.33AM, iter: 130, cost: 0.000264
04/26/17 - 09:39.33AM, iter: 131, cost: 0.000254
04/26/17 - 09:39.33AM, iter: 132, cost: 0.000248
04/26/17 - 09:39.33AM, iter: 133, cost: 0.000245
04/26/17 - 09:39.33AM, iter: 134, cost: 0.000236
04/26/17 - 09:39.33AM, iter: 135, cost: 0.000232
04/26/17 - 09:39.33AM, iter: 136, cost: 0.000223
04/26/17 - 09:39.33AM, iter: 137, cost: 0.000220
04/26/17 - 09:39.33AM, iter: 138, cost: 0.000213
04/26/17 - 09:39.33AM, iter: 139, cost: 0.000207
04/26/17 - 09:39.33AM, iter: 140, cost: 0.000202
04/26/17 - 09:39.33AM, iter: 141, cost: 0.000197
04/26/17 - 09:39.33AM, iter: 142, cost: 0.000191
04/26/17 - 09:39.33AM, iter: 143, cost: 0.000185
04/26/17 - 09:39.33AM, iter: 144, cost: 0.000180
04/26/17 - 09:39.33AM, iter: 145, cost: 0.000176
04/26/17 - 09:39.33AM, iter: 146, cost: 0.000172
04/26/17 - 09:39.34AM, iter: 147, cost: 0.000168
04/26/17 - 09:39.34AM, iter: 148, cost: 0.000166
04/26/17 - 09:39.34AM, iter: 149, cost: 0.000160
04/26/17 - 09:39.34AM, iter: 150, cost: 0.000157
04/26/17 - 09:39.34AM, iter: 151, cost: 0.000150
04/26/17 - 09:39.34AM, iter: 152, cost: 0.000147
04/26/17 - 09:39.34AM, iter: 153, cost: 0.000142
04/26/17 - 09:39.34AM, iter: 154, cost: 0.000139
04/26/17 - 09:39.34AM, iter: 155, cost: 0.000137
04/26/17 - 09:39.34AM, iter: 156, cost: 0.000133
04/26/17 - 09:39.34AM, iter: 157, cost: 0.000129
04/26/17 - 09:39.34AM, iter: 158, cost: 0.000126
04/26/17 - 09:39.34AM, iter: 159, cost: 0.000123
04/26/17 - 09:39.34AM, iter: 160, cost: 0.000119
04/26/17 - 09:39.34AM, iter: 161, cost: 0.000117
04/26/17 - 09:39.34AM, iter: 162, cost: 0.000114
04/26/17 - 09:39.34AM, iter: 163, cost: 0.000113
04/26/17 - 09:39.34AM, iter: 164, cost: 0.000109
04/26/17 - 09:39.34AM, iter: 165, cost: 0.000108
04/26/17 - 09:39.34AM, iter: 166, cost: 0.000104
04/26/17 - 09:39.34AM, iter: 167, cost: 0.000102
04/26/17 - 09:39.34AM, iter: 168, cost: 0.000101
04/26/17 - 09:39.34AM, iter: 169, cost: 0.000097
04/26/17 - 09:39.34AM, iter: 170, cost: 0.000094
04/26/17 - 09:39.34AM, iter: 171, cost: 0.000092
04/26/17 - 09:39.34AM, iter: 172, cost: 0.000089
04/26/17 - 09:39.34AM, iter: 173, cost: 0.000088
04/26/17 - 09:39.34AM, iter: 174, cost: 0.000085
04/26/17 - 09:39.34AM, iter: 175, cost: 0.000084
04/26/17 - 09:39.34AM, iter: 176, cost: 0.000081
04/26/17 - 09:39.34AM, iter: 177, cost: 0.000080
04/26/17 - 09:39.34AM, iter: 178, cost: 0.000079
04/26/17 - 09:39.34AM, iter: 179, cost: 0.000076
04/26/17 - 09:39.34AM, iter: 180, cost: 0.000074
04/26/17 - 09:39.34AM, iter: 181, cost: 0.000072
04/26/17 - 09:39.34AM, iter: 182, cost: 0.000071
04/26/17 - 09:39.34AM, iter: 183, cost: 0.000069
04/26/17 - 09:39.34AM, iter: 184, cost: 0.000067
04/26/17 - 09:39.34AM, iter: 185, cost: 0.000066
04/26/17 - 09:39.34AM, iter: 186, cost: 0.000065
04/26/17 - 09:39.34AM, iter: 187, cost: 0.000063
04/26/17 - 09:39.34AM, iter: 188, cost: 0.000061
04/26/17 - 09:39.34AM, iter: 189, cost: 0.000060
04/26/17 - 09:39.34AM, iter: 190, cost: 0.000059
04/26/17 - 09:39.34AM, iter: 191, cost: 0.000059
04/26/17 - 09:39.34AM, iter: 192, cost: 0.000057
04/26/17 - 09:39.34AM, iter: 193, cost: 0.000055
04/26/17 - 09:39.34AM, iter: 194, cost: 0.000054
04/26/17 - 09:39.34AM, iter: 195, cost: 0.000053
04/26/17 - 09:39.34AM, iter: 196, cost: 0.000052
04/26/17 - 09:39.34AM, iter: 197, cost: 0.000051
04/26/17 - 09:39.34AM, iter: 198, cost: 0.000049
04/26/17 - 09:39.34AM, iter: 199, cost: 0.000048
04/26/17 - 09:39.34AM, iter: 200, cost: 0.000047
TRAINING MODEL
Read 14761 lines.
Initializing parameters...done.
vector size: 300
vocab size: 129
x_max: 10.000000
alpha: 0.750000
04/26/17 - 09:39.34AM, iter: 001, cost: 2.933339
04/26/17 - 09:39.34AM, iter: 002, cost: 0.653657
04/26/17 - 09:39.34AM, iter: 003, cost: 0.431136
04/26/17 - 09:39.34AM, iter: 004, cost: 0.354032
04/26/17 - 09:39.34AM, iter: 005, cost: 0.296375
04/26/17 - 09:39.34AM, iter: 006, cost: 0.231420
04/26/17 - 09:39.34AM, iter: 007, cost: 0.193750
04/26/17 - 09:39.34AM, iter: 008, cost: 0.167175
04/26/17 - 09:39.34AM, iter: 009, cost: 0.149801
04/26/17 - 09:39.34AM, iter: 010, cost: 0.132135
04/26/17 - 09:39.34AM, iter: 011, cost: 0.117587
04/26/17 - 09:39.34AM, iter: 012, cost: 0.104243
04/26/17 - 09:39.34AM, iter: 013, cost: 0.093022
04/26/17 - 09:39.34AM, iter: 014, cost: 0.081913
04/26/17 - 09:39.34AM, iter: 015, cost: 0.073223
04/26/17 - 09:39.34AM, iter: 016, cost: 0.066346
04/26/17 - 09:39.34AM, iter: 017, cost: 0.058331
04/26/17 - 09:39.34AM, iter: 018, cost: 0.052150
04/26/17 - 09:39.34AM, iter: 019, cost: 0.046988
04/26/17 - 09:39.34AM, iter: 020, cost: 0.041761
04/26/17 - 09:39.34AM, iter: 021, cost: 0.037225
04/26/17 - 09:39.34AM, iter: 022, cost: 0.033509
04/26/17 - 09:39.34AM, iter: 023, cost: 0.030355
04/26/17 - 09:39.34AM, iter: 024, cost: 0.027116
04/26/17 - 09:39.34AM, iter: 025, cost: 0.024473
04/26/17 - 09:39.34AM, iter: 026, cost: 0.022376
04/26/17 - 09:39.34AM, iter: 027, cost: 0.020693
04/26/17 - 09:39.34AM, iter: 028, cost: 0.019096
04/26/17 - 09:39.34AM, iter: 029, cost: 0.017205
04/26/17 - 09:39.34AM, iter: 030, cost: 0.016041
04/26/17 - 09:39.34AM, iter: 031, cost: 0.014668
04/26/17 - 09:39.34AM, iter: 032, cost: 0.013651
04/26/17 - 09:39.34AM, iter: 033, cost: 0.012489
04/26/17 - 09:39.34AM, iter: 034, cost: 0.011589
04/26/17 - 09:39.34AM, iter: 035, cost: 0.010909
04/26/17 - 09:39.34AM, iter: 036, cost: 0.010159
04/26/17 - 09:39.34AM, iter: 037, cost: 0.009371
04/26/17 - 09:39.34AM, iter: 038, cost: 0.008698
04/26/17 - 09:39.34AM, iter: 039, cost: 0.008162
04/26/17 - 09:39.34AM, iter: 040, cost: 0.007764
04/26/17 - 09:39.34AM, iter: 041, cost: 0.007284
04/26/17 - 09:39.34AM, iter: 042, cost: 0.006697
04/26/17 - 09:39.34AM, iter: 043, cost: 0.006309
04/26/17 - 09:39.34AM, iter: 044, cost: 0.006072
04/26/17 - 09:39.34AM, iter: 045, cost: 0.005599
04/26/17 - 09:39.34AM, iter: 046, cost: 0.005332
04/26/17 - 09:39.34AM, iter: 047, cost: 0.004942
04/26/17 - 09:39.34AM, iter: 048, cost: 0.004619
04/26/17 - 09:39.34AM, iter: 049, cost: 0.004364
04/26/17 - 09:39.34AM, iter: 050, cost: 0.004239
04/26/17 - 09:39.34AM, iter: 051, cost: 0.003972
04/26/17 - 09:39.34AM, iter: 052, cost: 0.003721
04/26/17 - 09:39.34AM, iter: 053, cost: 0.003600
04/26/17 - 09:39.34AM, iter: 054, cost: 0.003340
04/26/17 - 09:39.34AM, iter: 055, cost: 0.003176
04/26/17 - 09:39.34AM, iter: 056, cost: 0.003094
04/26/17 - 09:39.34AM, iter: 057, cost: 0.002863
04/26/17 - 09:39.34AM, iter: 058, cost: 0.002814
04/26/17 - 09:39.34AM, iter: 059, cost: 0.002617
04/26/17 - 09:39.34AM, iter: 060, cost: 0.002456
04/26/17 - 09:39.34AM, iter: 061, cost: 0.002348
04/26/17 - 09:39.34AM, iter: 062, cost: 0.002253
04/26/17 - 09:39.34AM, iter: 063, cost: 0.002169
04/26/17 - 09:39.34AM, iter: 064, cost: 0.002075
04/26/17 - 09:39.34AM, iter: 065, cost: 0.002031
04/26/17 - 09:39.34AM, iter: 066, cost: 0.001934
04/26/17 - 09:39.34AM, iter: 067, cost: 0.001840
04/26/17 - 09:39.34AM, iter: 068, cost: 0.001746
04/26/17 - 09:39.34AM, iter: 069, cost: 0.001680
04/26/17 - 09:39.34AM, iter: 070, cost: 0.001609
04/26/17 - 09:39.34AM, iter: 071, cost: 0.001539
04/26/17 - 09:39.34AM, iter: 072, cost: 0.001495
04/26/17 - 09:39.34AM, iter: 073, cost: 0.001438
04/26/17 - 09:39.34AM, iter: 074, cost: 0.001358
04/26/17 - 09:39.34AM, iter: 075, cost: 0.001316
04/26/17 - 09:39.34AM, iter: 076, cost: 0.001263
04/26/17 - 09:39.34AM, iter: 077, cost: 0.001221
04/26/17 - 09:39.34AM, iter: 078, cost: 0.001193
04/26/17 - 09:39.34AM, iter: 079, cost: 0.001145
04/26/17 - 09:39.34AM, iter: 080, cost: 0.001103
04/26/17 - 09:39.34AM, iter: 081, cost: 0.001054
04/26/17 - 09:39.34AM, iter: 082, cost: 0.001016
04/26/17 - 09:39.34AM, iter: 083, cost: 0.000984
04/26/17 - 09:39.34AM, iter: 084, cost: 0.000952
04/26/17 - 09:39.34AM, iter: 085, cost: 0.000922
04/26/17 - 09:39.34AM, iter: 086, cost: 0.000895
04/26/17 - 09:39.34AM, iter: 087, cost: 0.000881
04/26/17 - 09:39.34AM, iter: 088, cost: 0.000842
04/26/17 - 09:39.34AM, iter: 089, cost: 0.000808
04/26/17 - 09:39.34AM, iter: 090, cost: 0.000785
04/26/17 - 09:39.34AM, iter: 091, cost: 0.000767
04/26/17 - 09:39.34AM, iter: 092, cost: 0.000734
04/26/17 - 09:39.34AM, iter: 093, cost: 0.000704
04/26/17 - 09:39.34AM, iter: 094, cost: 0.000684
04/26/17 - 09:39.34AM, iter: 095, cost: 0.000661
04/26/17 - 09:39.34AM, iter: 096, cost: 0.000643
04/26/17 - 09:39.34AM, iter: 097, cost: 0.000621
04/26/17 - 09:39.34AM, iter: 098, cost: 0.000606
04/26/17 - 09:39.34AM, iter: 099, cost: 0.000590
04/26/17 - 09:39.34AM, iter: 100, cost: 0.000571
04/26/17 - 09:39.34AM, iter: 101, cost: 0.000558
04/26/17 - 09:39.34AM, iter: 102, cost: 0.000536
04/26/17 - 09:39.34AM, iter: 103, cost: 0.000524
04/26/17 - 09:39.34AM, iter: 104, cost: 0.000503
04/26/17 - 09:39.34AM, iter: 105, cost: 0.000489
04/26/17 - 09:39.34AM, iter: 106, cost: 0.000482
04/26/17 - 09:39.34AM, iter: 107, cost: 0.000463
04/26/17 - 09:39.34AM, iter: 108, cost: 0.000451
04/26/17 - 09:39.34AM, iter: 109, cost: 0.000437
04/26/17 - 09:39.34AM, iter: 110, cost: 0.000424
04/26/17 - 09:39.34AM, iter: 111, cost: 0.000409
04/26/17 - 09:39.34AM, iter: 112, cost: 0.000401
04/26/17 - 09:39.34AM, iter: 113, cost: 0.000392
04/26/17 - 09:39.34AM, iter: 114, cost: 0.000376
04/26/17 - 09:39.34AM, iter: 115, cost: 0.000362
04/26/17 - 09:39.34AM, iter: 116, cost: 0.000352
04/26/17 - 09:39.34AM, iter: 117, cost: 0.000346
04/26/17 - 09:39.34AM, iter: 118, cost: 0.000339
04/26/17 - 09:39.34AM, iter: 119, cost: 0.000325
04/26/17 - 09:39.34AM, iter: 120, cost: 0.000316
04/26/17 - 09:39.34AM, iter: 121, cost: 0.000307
04/26/17 - 09:39.34AM, iter: 122, cost: 0.000300
04/26/17 - 09:39.34AM, iter: 123, cost: 0.000291
04/26/17 - 09:39.34AM, iter: 124, cost: 0.000283
04/26/17 - 09:39.34AM, iter: 125, cost: 0.000275
04/26/17 - 09:39.34AM, iter: 126, cost: 0.000267
04/26/17 - 09:39.34AM, iter: 127, cost: 0.000263
04/26/17 - 09:39.34AM, iter: 128, cost: 0.000254
04/26/17 - 09:39.34AM, iter: 129, cost: 0.000246
04/26/17 - 09:39.34AM, iter: 130, cost: 0.000238
04/26/17 - 09:39.34AM, iter: 131, cost: 0.000232
04/26/17 - 09:39.34AM, iter: 132, cost: 0.000226
04/26/17 - 09:39.34AM, iter: 133, cost: 0.000221
04/26/17 - 09:39.34AM, iter: 134, cost: 0.000214
04/26/17 - 09:39.34AM, iter: 135, cost: 0.000208
04/26/17 - 09:39.34AM, iter: 136, cost: 0.000202
04/26/17 - 09:39.34AM, iter: 137, cost: 0.000198
04/26/17 - 09:39.34AM, iter: 138, cost: 0.000193
04/26/17 - 09:39.34AM, iter: 139, cost: 0.000188
04/26/17 - 09:39.34AM, iter: 140, cost: 0.000183
04/26/17 - 09:39.34AM, iter: 141, cost: 0.000177
04/26/17 - 09:39.34AM, iter: 142, cost: 0.000173
04/26/17 - 09:39.34AM, iter: 143, cost: 0.000169
04/26/17 - 09:39.34AM, iter: 144, cost: 0.000169
04/26/17 - 09:39.34AM, iter: 145, cost: 0.000160
04/26/17 - 09:39.34AM, iter: 146, cost: 0.000155
04/26/17 - 09:39.34AM, iter: 147, cost: 0.000151
04/26/17 - 09:39.34AM, iter: 148, cost: 0.000149
04/26/17 - 09:39.34AM, iter: 149, cost: 0.000144
04/26/17 - 09:39.34AM, iter: 150, cost: 0.000141
04/26/17 - 09:39.34AM, iter: 151, cost: 0.000138
04/26/17 - 09:39.34AM, iter: 152, cost: 0.000135
04/26/17 - 09:39.34AM, iter: 153, cost: 0.000130
04/26/17 - 09:39.34AM, iter: 154, cost: 0.000126
04/26/17 - 09:39.34AM, iter: 155, cost: 0.000124
04/26/17 - 09:39.34AM, iter: 156, cost: 0.000120
04/26/17 - 09:39.34AM, iter: 157, cost: 0.000116
04/26/17 - 09:39.34AM, iter: 158, cost: 0.000113
04/26/17 - 09:39.34AM, iter: 159, cost: 0.000110
04/26/17 - 09:39.34AM, iter: 160, cost: 0.000108
04/26/17 - 09:39.34AM, iter: 161, cost: 0.000105
04/26/17 - 09:39.34AM, iter: 162, cost: 0.000102
04/26/17 - 09:39.34AM, iter: 163, cost: 0.000100
04/26/17 - 09:39.34AM, iter: 164, cost: 0.000098
04/26/17 - 09:39.34AM, iter: 165, cost: 0.000096
04/26/17 - 09:39.34AM, iter: 166, cost: 0.000093
04/26/17 - 09:39.34AM, iter: 167, cost: 0.000090
04/26/17 - 09:39.34AM, iter: 168, cost: 0.000088
04/26/17 - 09:39.34AM, iter: 169, cost: 0.000086
04/26/17 - 09:39.34AM, iter: 170, cost: 0.000084
04/26/17 - 09:39.34AM, iter: 171, cost: 0.000083
04/26/17 - 09:39.35AM, iter: 172, cost: 0.000081
04/26/17 - 09:39.35AM, iter: 173, cost: 0.000078
04/26/17 - 09:39.35AM, iter: 174, cost: 0.000076
04/26/17 - 09:39.35AM, iter: 175, cost: 0.000074
04/26/17 - 09:39.35AM, iter: 176, cost: 0.000073
04/26/17 - 09:39.35AM, iter: 177, cost: 0.000071
04/26/17 - 09:39.35AM, iter: 178, cost: 0.000069
04/26/17 - 09:39.35AM, iter: 179, cost: 0.000068
04/26/17 - 09:39.35AM, iter: 180, cost: 0.000066
04/26/17 - 09:39.35AM, iter: 181, cost: 0.000065
04/26/17 - 09:39.35AM, iter: 182, cost: 0.000064
04/26/17 - 09:39.35AM, iter: 183, cost: 0.000062
04/26/17 - 09:39.35AM, iter: 184, cost: 0.000060
04/26/17 - 09:39.35AM, iter: 185, cost: 0.000060
04/26/17 - 09:39.35AM, iter: 186, cost: 0.000058
04/26/17 - 09:39.35AM, iter: 187, cost: 0.000056
04/26/17 - 09:39.35AM, iter: 188, cost: 0.000055
04/26/17 - 09:39.35AM, iter: 189, cost: 0.000054
04/26/17 - 09:39.35AM, iter: 190, cost: 0.000053
04/26/17 - 09:39.35AM, iter: 191, cost: 0.000051
04/26/17 - 09:39.35AM, iter: 192, cost: 0.000051
04/26/17 - 09:39.35AM, iter: 193, cost: 0.000049
04/26/17 - 09:39.35AM, iter: 194, cost: 0.000048
04/26/17 - 09:39.35AM, iter: 195, cost: 0.000047
04/26/17 - 09:39.35AM, iter: 196, cost: 0.000046
04/26/17 - 09:39.35AM, iter: 197, cost: 0.000045
04/26/17 - 09:39.35AM, iter: 198, cost: 0.000044
04/26/17 - 09:39.35AM, iter: 199, cost: 0.000043
04/26/17 - 09:39.35AM, iter: 200, cost: 0.000042
